[0m14:55:02.131908 [debug] [MainThread]: Sending event: {'category': 'dbt', 'action': 'invocation', 'label': 'start', 'context': [<snowplow_tracker.self_describing_json.SelfDescribingJson object at 0x000001BF70FFF3B0>, <snowplow_tracker.self_describing_json.SelfDescribingJson object at 0x000001BF70FFE330>, <snowplow_tracker.self_describing_json.SelfDescribingJson object at 0x000001BF70FFE570>]}


============================== 14:55:02.141925 | ca0b48c5-3cd9-420c-884e-9219eb03bfa7 ==============================
[0m14:55:02.141925 [info ] [MainThread]: Running with dbt=1.7.0
[0m14:55:02.141925 [debug] [MainThread]: running dbt with arguments {'printer_width': '80', 'indirect_selection': 'eager', 'write_json': 'True', 'log_cache_events': 'False', 'partial_parse': 'True', 'cache_selected_only': 'False', 'profiles_dir': 'C:\\Users\\lahi3\\.dbt', 'version_check': 'True', 'debug': 'False', 'log_path': 'C:\\Users\\lahi3\\Exit\\pra_win\\logs', 'fail_fast': 'False', 'warn_error': 'None', 'use_colors': 'True', 'use_experimental_parser': 'False', 'no_print': 'None', 'quiet': 'False', 'log_format': 'default', 'invocation_command': 'dbt debug', 'static_parser': 'True', 'warn_error_options': 'WarnErrorOptions(include=[], exclude=[])', 'target_path': 'None', 'introspect': 'True', 'send_anonymous_usage_stats': 'True'}
[0m14:55:02.141925 [info ] [MainThread]: dbt version: 1.7.0
[0m14:55:02.147597 [info ] [MainThread]: python version: 3.12.1
[0m14:55:02.147597 [info ] [MainThread]: python path: C:\Users\lahi3\AppData\Local\Programs\Python\Python312\python.exe
[0m14:55:02.147597 [info ] [MainThread]: os info: Windows-11-10.0.22631-SP0
[0m14:55:02.205054 [info ] [MainThread]: Using profiles dir at C:\Users\lahi3\.dbt
[0m14:55:02.205054 [info ] [MainThread]: Using profiles.yml file at C:\Users\lahi3\.dbt\profiles.yml
[0m14:55:02.205054 [info ] [MainThread]: Using dbt_project.yml file at C:\Users\lahi3\Exit\pra_win\dbt_project.yml
[0m14:55:02.205054 [info ] [MainThread]: adapter type: postgres
[0m14:55:02.212257 [info ] [MainThread]: adapter version: 1.7.0
[0m14:55:02.262242 [info ] [MainThread]: Configuration:
[0m14:55:02.263501 [info ] [MainThread]:   profiles.yml file [[32mOK found and valid[0m]
[0m14:55:02.263501 [info ] [MainThread]:   dbt_project.yml file [[32mOK found and valid[0m]
[0m14:55:02.263501 [info ] [MainThread]: Required dependencies:
[0m14:55:02.263501 [debug] [MainThread]: Executing "git --help"
[0m14:55:02.320866 [debug] [MainThread]: STDOUT: "b"usage: git [-v | --version] [-h | --help] [-C <path>] [-c <name>=<value>]\n           [--exec-path[=<path>]] [--html-path] [--man-path] [--info-path]\n           [-p | --paginate | -P | --no-pager] [--no-replace-objects] [--bare]\n           [--git-dir=<path>] [--work-tree=<path>] [--namespace=<name>]\n           [--config-env=<name>=<envvar>] <command> [<args>]\n\nThese are common Git commands used in various situations:\n\nstart a working area (see also: git help tutorial)\n   clone     Clone a repository into a new directory\n   init      Create an empty Git repository or reinitialize an existing one\n\nwork on the current change (see also: git help everyday)\n   add       Add file contents to the index\n   mv        Move or rename a file, a directory, or a symlink\n   restore   Restore working tree files\n   rm        Remove files from the working tree and from the index\n\nexamine the history and state (see also: git help revisions)\n   bisect    Use binary search to find the commit that introduced a bug\n   diff      Show changes between commits, commit and working tree, etc\n   grep      Print lines matching a pattern\n   log       Show commit logs\n   show      Show various types of objects\n   status    Show the working tree status\n\ngrow, mark and tweak your common history\n   branch    List, create, or delete branches\n   commit    Record changes to the repository\n   merge     Join two or more development histories together\n   rebase    Reapply commits on top of another base tip\n   reset     Reset current HEAD to the specified state\n   switch    Switch branches\n   tag       Create, list, delete or verify a tag object signed with GPG\n\ncollaborate (see also: git help workflows)\n   fetch     Download objects and refs from another repository\n   pull      Fetch from and integrate with another repository or a local branch\n   push      Update remote refs along with associated objects\n\n'git help -a' and 'git help -g' list available subcommands and some\nconcept guides. See 'git help <command>' or 'git help <concept>'\nto read about a specific subcommand or concept.\nSee 'git help git' for an overview of the system.\n""
[0m14:55:02.320866 [debug] [MainThread]: STDERR: "b''"
[0m14:55:02.320866 [info ] [MainThread]:  - git [[32mOK found[0m]

[0m14:55:02.320866 [info ] [MainThread]: Connection:
[0m14:55:02.320866 [info ] [MainThread]:   host: lahi-ddp-2023.cal82oikkybf.ap-south-1.rds.amazonaws.com
[0m14:55:02.329910 [info ] [MainThread]:   port: 5432
[0m14:55:02.329910 [info ] [MainThread]:   user: LAHIDDPUSERS
[0m14:55:02.330912 [info ] [MainThread]:   database: LAHIDATA
[0m14:55:02.330912 [info ] [MainThread]:   schema: dev_public
[0m14:55:02.331911 [info ] [MainThread]:   connect_timeout: 10
[0m14:55:02.331911 [info ] [MainThread]:   role: None
[0m14:55:02.332915 [info ] [MainThread]:   search_path: None
[0m14:55:02.332915 [info ] [MainThread]:   keepalives_idle: 0
[0m14:55:02.333912 [info ] [MainThread]:   sslmode: None
[0m14:55:02.333912 [info ] [MainThread]:   sslcert: None
[0m14:55:02.334912 [info ] [MainThread]:   sslkey: None
[0m14:55:02.334912 [info ] [MainThread]:   sslrootcert: None
[0m14:55:02.334912 [info ] [MainThread]:   application_name: dbt
[0m14:55:02.335911 [info ] [MainThread]:   retries: 1
[0m14:55:02.335911 [info ] [MainThread]: Registered adapter: postgres=1.7.0
[0m14:55:02.337912 [debug] [MainThread]: Acquiring new postgres connection 'debug'
[0m14:55:02.337912 [debug] [MainThread]: Using postgres connection "debug"
[0m14:55:02.337912 [debug] [MainThread]: On debug: select 1 as id
[0m14:55:02.338917 [debug] [MainThread]: Opening a new connection, currently in state init
[0m14:55:02.558866 [debug] [MainThread]: SQL status: SELECT 1 in 0.0 seconds
[0m14:55:02.558866 [debug] [MainThread]: On debug: Close
[0m14:55:02.558866 [info ] [MainThread]:   Connection test: [[32mOK connection ok[0m]

[0m14:55:02.568932 [info ] [MainThread]: [32mAll checks passed![0m
[0m14:55:02.568932 [debug] [MainThread]: Command `dbt debug` succeeded at 14:55:02.568932 after 0.49 seconds
[0m14:55:02.568932 [debug] [MainThread]: Connection 'debug' was properly closed.
[0m14:55:02.568932 [debug] [MainThread]: Sending event: {'category': 'dbt', 'action': 'invocation', 'label': 'end', 'context': [<snowplow_tracker.self_describing_json.SelfDescribingJson object at 0x000001BF6DA30A70>, <snowplow_tracker.self_describing_json.SelfDescribingJson object at 0x000001BF6C60D3A0>, <snowplow_tracker.self_describing_json.SelfDescribingJson object at 0x000001BF70FDB3E0>]}
[0m14:55:02.568932 [debug] [MainThread]: Flushing usage events
[0m15:11:15.908856 [debug] [MainThread]: Sending event: {'category': 'dbt', 'action': 'invocation', 'label': 'start', 'context': [<snowplow_tracker.self_describing_json.SelfDescribingJson object at 0x0000018CD2DFD370>, <snowplow_tracker.self_describing_json.SelfDescribingJson object at 0x0000018CD2DFE300>, <snowplow_tracker.self_describing_json.SelfDescribingJson object at 0x0000018CD2DFC2C0>]}


============================== 15:11:15.908856 | 250d4f9a-55d7-4aac-9f71-ac9c4ce660e7 ==============================
[0m15:11:15.908856 [info ] [MainThread]: Running with dbt=1.7.0
[0m15:11:15.908856 [debug] [MainThread]: running dbt with arguments {'printer_width': '80', 'indirect_selection': 'eager', 'log_cache_events': 'False', 'write_json': 'True', 'partial_parse': 'True', 'cache_selected_only': 'False', 'profiles_dir': 'C:\\Users\\lahi3\\.dbt', 'fail_fast': 'False', 'warn_error': 'None', 'log_path': 'C:\\Users\\lahi3\\Exit\\pra_win\\logs', 'debug': 'False', 'version_check': 'True', 'use_colors': 'True', 'use_experimental_parser': 'False', 'no_print': 'None', 'quiet': 'False', 'log_format': 'default', 'static_parser': 'True', 'invocation_command': 'dbt run --models pra_win_model', 'warn_error_options': 'WarnErrorOptions(include=[], exclude=[])', 'target_path': 'None', 'introspect': 'True', 'send_anonymous_usage_stats': 'True'}
[0m15:11:16.057659 [debug] [MainThread]: Sending event: {'category': 'dbt', 'action': 'project_id', 'label': '250d4f9a-55d7-4aac-9f71-ac9c4ce660e7', 'context': [<snowplow_tracker.self_describing_json.SelfDescribingJson object at 0x0000018CD2258B60>]}
[0m15:11:16.108875 [debug] [MainThread]: Sending event: {'category': 'dbt', 'action': 'adapter_info', 'label': '250d4f9a-55d7-4aac-9f71-ac9c4ce660e7', 'context': [<snowplow_tracker.self_describing_json.SelfDescribingJson object at 0x0000018CD3244680>]}
[0m15:11:16.108875 [info ] [MainThread]: Registered adapter: postgres=1.7.0
[0m15:11:16.122429 [debug] [MainThread]: checksum: 8434eacd4ffdf0ca3ab22bf0e2d55b45306c9599613e842b959405abc489e606, vars: {}, profile: , target: , version: 1.7.0
[0m15:11:16.162062 [debug] [MainThread]: Partial parsing enabled: 0 files deleted, 0 files added, 0 files changed.
[0m15:11:16.162062 [debug] [MainThread]: Partial parsing enabled, no changes found, skipping parsing
[0m15:11:16.166178 [debug] [MainThread]: Sending event: {'category': 'dbt', 'action': 'load_project', 'label': '250d4f9a-55d7-4aac-9f71-ac9c4ce660e7', 'context': [<snowplow_tracker.self_describing_json.SelfDescribingJson object at 0x0000018CD2EB6150>]}
[0m15:11:16.173508 [debug] [MainThread]: Sending event: {'category': 'dbt', 'action': 'resource_counts', 'label': '250d4f9a-55d7-4aac-9f71-ac9c4ce660e7', 'context': [<snowplow_tracker.self_describing_json.SelfDescribingJson object at 0x0000018CD32FB260>]}
[0m15:11:16.174366 [info ] [MainThread]: Found 3 models, 4 tests, 1 source, 0 exposures, 0 metrics, 401 macros, 0 groups, 0 semantic models
[0m15:11:16.175368 [debug] [MainThread]: Sending event: {'category': 'dbt', 'action': 'runnable_timing', 'label': '250d4f9a-55d7-4aac-9f71-ac9c4ce660e7', 'context': [<snowplow_tracker.self_describing_json.SelfDescribingJson object at 0x0000018CD3187170>]}
[0m15:11:16.177286 [info ] [MainThread]: 
[0m15:11:16.177286 [debug] [MainThread]: Acquiring new postgres connection 'master'
[0m15:11:16.177286 [debug] [ThreadPool]: Acquiring new postgres connection 'list_LAHIDATA'
[0m15:11:16.187461 [debug] [ThreadPool]: Using postgres connection "list_LAHIDATA"
[0m15:11:16.188462 [debug] [ThreadPool]: On list_LAHIDATA: /* {"app": "dbt", "dbt_version": "1.7.0", "profile_name": "pra_win", "target_name": "dev", "connection_name": "list_LAHIDATA"} */

    select distinct nspname from pg_namespace
  
[0m15:11:16.188462 [debug] [ThreadPool]: Opening a new connection, currently in state init
[0m15:11:16.388567 [debug] [ThreadPool]: SQL status: SELECT 9 in 0.0 seconds
[0m15:11:16.388567 [debug] [ThreadPool]: On list_LAHIDATA: Close
[0m15:11:16.388567 [debug] [ThreadPool]: Re-using an available connection from the pool (formerly list_LAHIDATA, now create_LAHIDATA_dev_public)
[0m15:11:16.388567 [debug] [ThreadPool]: Creating schema "database: "LAHIDATA"
schema: "dev_public"
"
[0m15:11:16.396692 [debug] [ThreadPool]: Using postgres connection "create_LAHIDATA_dev_public"
[0m15:11:16.396692 [debug] [ThreadPool]: On create_LAHIDATA_dev_public: BEGIN
[0m15:11:16.396692 [debug] [ThreadPool]: Opening a new connection, currently in state closed
[0m15:11:16.490191 [debug] [ThreadPool]: SQL status: BEGIN in 0.0 seconds
[0m15:11:16.490191 [debug] [ThreadPool]: Using postgres connection "create_LAHIDATA_dev_public"
[0m15:11:16.490191 [debug] [ThreadPool]: On create_LAHIDATA_dev_public: /* {"app": "dbt", "dbt_version": "1.7.0", "profile_name": "pra_win", "target_name": "dev", "connection_name": "create_LAHIDATA_dev_public"} */
create schema if not exists "dev_public"
[0m15:11:16.512444 [debug] [ThreadPool]: SQL status: CREATE SCHEMA in 0.0 seconds
[0m15:11:16.515127 [debug] [ThreadPool]: On create_LAHIDATA_dev_public: COMMIT
[0m15:11:16.515731 [debug] [ThreadPool]: Using postgres connection "create_LAHIDATA_dev_public"
[0m15:11:16.515731 [debug] [ThreadPool]: On create_LAHIDATA_dev_public: COMMIT
[0m15:11:16.520995 [debug] [ThreadPool]: SQL status: COMMIT in 0.0 seconds
[0m15:11:16.525815 [debug] [ThreadPool]: On create_LAHIDATA_dev_public: Close
[0m15:11:16.527823 [debug] [ThreadPool]: Acquiring new postgres connection 'list_LAHIDATA_dev_public'
[0m15:11:16.530783 [debug] [ThreadPool]: Using postgres connection "list_LAHIDATA_dev_public"
[0m15:11:16.530783 [debug] [ThreadPool]: On list_LAHIDATA_dev_public: BEGIN
[0m15:11:16.530783 [debug] [ThreadPool]: Opening a new connection, currently in state init
[0m15:11:16.642961 [debug] [ThreadPool]: SQL status: BEGIN in 0.0 seconds
[0m15:11:16.642961 [debug] [ThreadPool]: Using postgres connection "list_LAHIDATA_dev_public"
[0m15:11:16.642961 [debug] [ThreadPool]: On list_LAHIDATA_dev_public: /* {"app": "dbt", "dbt_version": "1.7.0", "profile_name": "pra_win", "target_name": "dev", "connection_name": "list_LAHIDATA_dev_public"} */
select
      'LAHIDATA' as database,
      tablename as name,
      schemaname as schema,
      'table' as type
    from pg_tables
    where schemaname ilike 'dev_public'
    union all
    select
      'LAHIDATA' as database,
      viewname as name,
      schemaname as schema,
      'view' as type
    from pg_views
    where schemaname ilike 'dev_public'
    union all
    select
      'LAHIDATA' as database,
      matviewname as name,
      schemaname as schema,
      'materialized_view' as type
    from pg_matviews
    where schemaname ilike 'dev_public'
  
[0m15:11:16.669022 [debug] [ThreadPool]: SQL status: SELECT 0 in 0.0 seconds
[0m15:11:16.669022 [debug] [ThreadPool]: On list_LAHIDATA_dev_public: ROLLBACK
[0m15:11:16.674864 [debug] [ThreadPool]: On list_LAHIDATA_dev_public: Close
[0m15:11:16.684876 [debug] [MainThread]: Using postgres connection "master"
[0m15:11:16.684876 [debug] [MainThread]: On master: BEGIN
[0m15:11:16.684876 [debug] [MainThread]: Opening a new connection, currently in state init
[0m15:11:16.802476 [debug] [MainThread]: SQL status: BEGIN in 0.0 seconds
[0m15:11:16.802476 [debug] [MainThread]: Using postgres connection "master"
[0m15:11:16.802476 [debug] [MainThread]: On master: /* {"app": "dbt", "dbt_version": "1.7.0", "profile_name": "pra_win", "target_name": "dev", "connection_name": "master"} */
with relation as (
        select
            pg_rewrite.ev_class as class,
            pg_rewrite.oid as id
        from pg_rewrite
    ),
    class as (
        select
            oid as id,
            relname as name,
            relnamespace as schema,
            relkind as kind
        from pg_class
    ),
    dependency as (
        select distinct
            pg_depend.objid as id,
            pg_depend.refobjid as ref
        from pg_depend
    ),
    schema as (
        select
            pg_namespace.oid as id,
            pg_namespace.nspname as name
        from pg_namespace
        where nspname != 'information_schema' and nspname not like 'pg\_%'
    ),
    referenced as (
        select
            relation.id AS id,
            referenced_class.name ,
            referenced_class.schema ,
            referenced_class.kind
        from relation
        join class as referenced_class on relation.class=referenced_class.id
        where referenced_class.kind in ('r', 'v', 'm')
    ),
    relationships as (
        select
            referenced.name as referenced_name,
            referenced.schema as referenced_schema_id,
            dependent_class.name as dependent_name,
            dependent_class.schema as dependent_schema_id,
            referenced.kind as kind
        from referenced
        join dependency on referenced.id=dependency.id
        join class as dependent_class on dependency.ref=dependent_class.id
        where
            (referenced.name != dependent_class.name or
             referenced.schema != dependent_class.schema)
    )

    select
        referenced_schema.name as referenced_schema,
        relationships.referenced_name as referenced_name,
        dependent_schema.name as dependent_schema,
        relationships.dependent_name as dependent_name
    from relationships
    join schema as dependent_schema on relationships.dependent_schema_id=dependent_schema.id
    join schema as referenced_schema on relationships.referenced_schema_id=referenced_schema.id
    group by referenced_schema, referenced_name, dependent_schema, dependent_name
    order by referenced_schema, referenced_name, dependent_schema, dependent_name;
[0m15:11:16.818303 [debug] [MainThread]: SQL status: SELECT 0 in 0.0 seconds
[0m15:11:16.818303 [debug] [MainThread]: Sending event: {'category': 'dbt', 'action': 'runnable_timing', 'label': '250d4f9a-55d7-4aac-9f71-ac9c4ce660e7', 'context': [<snowplow_tracker.self_describing_json.SelfDescribingJson object at 0x0000018CD3381550>]}
[0m15:11:16.818303 [debug] [MainThread]: On master: ROLLBACK
[0m15:11:16.827328 [debug] [MainThread]: Using postgres connection "master"
[0m15:11:16.827328 [debug] [MainThread]: On master: BEGIN
[0m15:11:16.843491 [debug] [MainThread]: SQL status: BEGIN in 0.0 seconds
[0m15:11:16.843491 [debug] [MainThread]: On master: COMMIT
[0m15:11:16.843491 [debug] [MainThread]: Using postgres connection "master"
[0m15:11:16.843491 [debug] [MainThread]: On master: COMMIT
[0m15:11:16.851504 [debug] [MainThread]: SQL status: COMMIT in 0.0 seconds
[0m15:11:16.851504 [debug] [MainThread]: On master: Close
[0m15:11:16.851504 [info ] [MainThread]: Concurrency: 4 threads (target='dev')
[0m15:11:16.851504 [info ] [MainThread]: 
[0m15:11:16.871080 [debug] [Thread-1 (]: Began running node model.pra_win.pra_win_model
[0m15:11:16.872104 [info ] [Thread-1 (]: 1 of 1 START sql table model dev_public.pra_win_model .......................... [RUN]
[0m15:11:16.873083 [debug] [Thread-1 (]: Acquiring new postgres connection 'model.pra_win.pra_win_model'
[0m15:11:16.873083 [debug] [Thread-1 (]: Began compiling node model.pra_win.pra_win_model
[0m15:11:16.878084 [debug] [Thread-1 (]: Writing injected SQL for node "model.pra_win.pra_win_model"
[0m15:11:16.880146 [debug] [Thread-1 (]: Timing info for model.pra_win.pra_win_model (compile): 15:11:16.873083 => 15:11:16.880146
[0m15:11:16.881081 [debug] [Thread-1 (]: Began executing node model.pra_win.pra_win_model
[0m15:11:16.902257 [debug] [Thread-1 (]: Writing runtime sql for node "model.pra_win.pra_win_model"
[0m15:11:16.908850 [debug] [Thread-1 (]: Using postgres connection "model.pra_win.pra_win_model"
[0m15:11:16.910358 [debug] [Thread-1 (]: On model.pra_win.pra_win_model: BEGIN
[0m15:11:16.910358 [debug] [Thread-1 (]: Opening a new connection, currently in state init
[0m15:11:16.989462 [debug] [Thread-1 (]: SQL status: BEGIN in 0.0 seconds
[0m15:11:16.989462 [debug] [Thread-1 (]: Using postgres connection "model.pra_win.pra_win_model"
[0m15:11:16.989462 [debug] [Thread-1 (]: On model.pra_win.pra_win_model: /* {"app": "dbt", "dbt_version": "1.7.0", "profile_name": "pra_win", "target_name": "dev", "node_id": "model.pra_win.pra_win_model"} */

  
    

  create  table "LAHIDATA"."dev_public"."pra_win_model__dbt_tmp"
  
  
    as
  
  (
    --DBT AUTOMATION has generated this model, please DO NOT EDIT 
--Please make sure you dont change the model name 



SELECT
  "_airbyte_raw_id" as "_airbyte_emp_id"
  
FROM "LAHIDATA"."public"."employee_database"
  );
  
[0m15:11:17.008221 [debug] [Thread-1 (]: SQL status: SELECT 324 in 0.0 seconds
[0m15:11:17.014907 [debug] [Thread-1 (]: Using postgres connection "model.pra_win.pra_win_model"
[0m15:11:17.014907 [debug] [Thread-1 (]: On model.pra_win.pra_win_model: /* {"app": "dbt", "dbt_version": "1.7.0", "profile_name": "pra_win", "target_name": "dev", "node_id": "model.pra_win.pra_win_model"} */
alter table "LAHIDATA"."dev_public"."pra_win_model__dbt_tmp" rename to "pra_win_model"
[0m15:11:17.021024 [debug] [Thread-1 (]: SQL status: ALTER TABLE in 0.0 seconds
[0m15:11:17.021024 [debug] [Thread-1 (]: Using postgres connection "model.pra_win.pra_win_model"
[0m15:11:17.021024 [debug] [Thread-1 (]: On model.pra_win.pra_win_model: /* {"app": "dbt", "dbt_version": "1.7.0", "profile_name": "pra_win", "target_name": "dev", "node_id": "model.pra_win.pra_win_model"} */

    create  index if not exists
  "09ab0e64f0340c32dd2ae1f4a1538516"
  on "LAHIDATA"."dev_public"."pra_win_model" using hash
  (_airbyte_raw_id);
  
[0m15:11:17.036838 [debug] [Thread-1 (]: Postgres adapter: Postgres error: column "_airbyte_raw_id" does not exist

[0m15:11:17.036838 [debug] [Thread-1 (]: On model.pra_win.pra_win_model: ROLLBACK
[0m15:11:17.047100 [debug] [Thread-1 (]: Timing info for model.pra_win.pra_win_model (execute): 15:11:16.881081 => 15:11:17.047100
[0m15:11:17.047100 [debug] [Thread-1 (]: On model.pra_win.pra_win_model: Close
[0m15:11:17.057143 [debug] [Thread-1 (]: Database Error in model pra_win_model (models\example\pra_win_model.sql)
  column "_airbyte_raw_id" does not exist
  compiled Code at target\run\pra_win\models\example\pra_win_model.sql
[0m15:11:17.057143 [debug] [Thread-1 (]: Sending event: {'category': 'dbt', 'action': 'run_model', 'label': '250d4f9a-55d7-4aac-9f71-ac9c4ce660e7', 'context': [<snowplow_tracker.self_describing_json.SelfDescribingJson object at 0x0000018CD341F350>]}
[0m15:11:17.057143 [error] [Thread-1 (]: 1 of 1 ERROR creating sql table model dev_public.pra_win_model ................. [[31mERROR[0m in 0.19s]
[0m15:11:17.057143 [debug] [Thread-1 (]: Finished running node model.pra_win.pra_win_model
[0m15:11:17.057143 [debug] [MainThread]: Using postgres connection "master"
[0m15:11:17.057143 [debug] [MainThread]: On master: BEGIN
[0m15:11:17.057143 [debug] [MainThread]: Opening a new connection, currently in state closed
[0m15:11:17.158240 [debug] [MainThread]: SQL status: BEGIN in 0.0 seconds
[0m15:11:17.159225 [debug] [MainThread]: On master: COMMIT
[0m15:11:17.160222 [debug] [MainThread]: Using postgres connection "master"
[0m15:11:17.160222 [debug] [MainThread]: On master: COMMIT
[0m15:11:17.162995 [debug] [MainThread]: SQL status: COMMIT in 0.0 seconds
[0m15:11:17.162995 [debug] [MainThread]: On master: Close
[0m15:11:17.162995 [debug] [MainThread]: Connection 'master' was properly closed.
[0m15:11:17.162995 [debug] [MainThread]: Connection 'create_LAHIDATA_dev_public' was properly closed.
[0m15:11:17.162995 [debug] [MainThread]: Connection 'list_LAHIDATA_dev_public' was properly closed.
[0m15:11:17.162995 [debug] [MainThread]: Connection 'model.pra_win.pra_win_model' was properly closed.
[0m15:11:17.170843 [info ] [MainThread]: 
[0m15:11:17.171775 [info ] [MainThread]: Finished running 1 table model in 0 hours 0 minutes and 0.99 seconds (0.99s).
[0m15:11:17.172818 [debug] [MainThread]: Command end result
[0m15:11:17.179121 [info ] [MainThread]: 
[0m15:11:17.179531 [info ] [MainThread]: [31mCompleted with 1 error and 0 warnings:[0m
[0m15:11:17.180309 [info ] [MainThread]: 
[0m15:11:17.181367 [error] [MainThread]:   Database Error in model pra_win_model (models\example\pra_win_model.sql)
  column "_airbyte_raw_id" does not exist
  compiled Code at target\run\pra_win\models\example\pra_win_model.sql
[0m15:11:17.181367 [info ] [MainThread]: 
[0m15:11:17.182366 [info ] [MainThread]: Done. PASS=0 WARN=0 ERROR=1 SKIP=0 TOTAL=1
[0m15:11:17.183562 [debug] [MainThread]: Command `dbt run` failed at 15:11:17.183562 after 1.34 seconds
[0m15:11:17.184464 [debug] [MainThread]: Sending event: {'category': 'dbt', 'action': 'invocation', 'label': 'end', 'context': [<snowplow_tracker.self_describing_json.SelfDescribingJson object at 0x0000018CD2CF3C80>, <snowplow_tracker.self_describing_json.SelfDescribingJson object at 0x0000018CD2C7B4D0>, <snowplow_tracker.self_describing_json.SelfDescribingJson object at 0x0000018CD311C1A0>]}
[0m15:11:17.184854 [debug] [MainThread]: Flushing usage events
[0m15:11:58.830403 [debug] [MainThread]: Sending event: {'category': 'dbt', 'action': 'invocation', 'label': 'start', 'context': [<snowplow_tracker.self_describing_json.SelfDescribingJson object at 0x00000220A9A41640>, <snowplow_tracker.self_describing_json.SelfDescribingJson object at 0x00000220A9A42690>, <snowplow_tracker.self_describing_json.SelfDescribingJson object at 0x00000220A9A40530>]}


============================== 15:11:58.830403 | ddd740a5-04e2-418a-b031-b50fdf66a592 ==============================
[0m15:11:58.830403 [info ] [MainThread]: Running with dbt=1.7.0
[0m15:11:58.830403 [debug] [MainThread]: running dbt with arguments {'printer_width': '80', 'indirect_selection': 'eager', 'write_json': 'True', 'log_cache_events': 'False', 'partial_parse': 'True', 'cache_selected_only': 'False', 'warn_error': 'None', 'debug': 'False', 'version_check': 'True', 'log_path': 'C:\\Users\\lahi3\\Exit\\pra_win\\logs', 'fail_fast': 'False', 'profiles_dir': 'C:\\Users\\lahi3\\.dbt', 'use_colors': 'True', 'use_experimental_parser': 'False', 'no_print': 'None', 'quiet': 'False', 'log_format': 'default', 'invocation_command': 'dbt run --models pra_win_model', 'static_parser': 'True', 'introspect': 'True', 'target_path': 'None', 'warn_error_options': 'WarnErrorOptions(include=[], exclude=[])', 'send_anonymous_usage_stats': 'True'}
[0m15:11:58.957537 [debug] [MainThread]: Sending event: {'category': 'dbt', 'action': 'project_id', 'label': 'ddd740a5-04e2-418a-b031-b50fdf66a592', 'context': [<snowplow_tracker.self_describing_json.SelfDescribingJson object at 0x00000220A949A630>]}
[0m15:11:59.014724 [debug] [MainThread]: Sending event: {'category': 'dbt', 'action': 'adapter_info', 'label': 'ddd740a5-04e2-418a-b031-b50fdf66a592', 'context': [<snowplow_tracker.self_describing_json.SelfDescribingJson object at 0x00000220A9AF6810>]}
[0m15:11:59.016027 [info ] [MainThread]: Registered adapter: postgres=1.7.0
[0m15:11:59.021663 [debug] [MainThread]: checksum: 8434eacd4ffdf0ca3ab22bf0e2d55b45306c9599613e842b959405abc489e606, vars: {}, profile: , target: , version: 1.7.0
[0m15:11:59.059408 [debug] [MainThread]: Partial parsing enabled: 0 files deleted, 0 files added, 0 files changed.
[0m15:11:59.059408 [debug] [MainThread]: Partial parsing enabled, no changes found, skipping parsing
[0m15:11:59.065123 [debug] [MainThread]: Sending event: {'category': 'dbt', 'action': 'load_project', 'label': 'ddd740a5-04e2-418a-b031-b50fdf66a592', 'context': [<snowplow_tracker.self_describing_json.SelfDescribingJson object at 0x00000220A9A9CDA0>]}
[0m15:11:59.065123 [debug] [MainThread]: Sending event: {'category': 'dbt', 'action': 'resource_counts', 'label': 'ddd740a5-04e2-418a-b031-b50fdf66a592', 'context': [<snowplow_tracker.self_describing_json.SelfDescribingJson object at 0x00000220A9F37410>]}
[0m15:11:59.071630 [info ] [MainThread]: Found 3 models, 4 tests, 1 source, 0 exposures, 0 metrics, 401 macros, 0 groups, 0 semantic models
[0m15:11:59.071681 [debug] [MainThread]: Sending event: {'category': 'dbt', 'action': 'runnable_timing', 'label': 'ddd740a5-04e2-418a-b031-b50fdf66a592', 'context': [<snowplow_tracker.self_describing_json.SelfDescribingJson object at 0x00000220A9B42AB0>]}
[0m15:11:59.072713 [info ] [MainThread]: 
[0m15:11:59.073682 [debug] [MainThread]: Acquiring new postgres connection 'master'
[0m15:11:59.073682 [debug] [ThreadPool]: Acquiring new postgres connection 'list_LAHIDATA'
[0m15:11:59.083089 [debug] [ThreadPool]: Using postgres connection "list_LAHIDATA"
[0m15:11:59.083089 [debug] [ThreadPool]: On list_LAHIDATA: /* {"app": "dbt", "dbt_version": "1.7.0", "profile_name": "pra_win", "target_name": "dev", "connection_name": "list_LAHIDATA"} */

    select distinct nspname from pg_namespace
  
[0m15:11:59.084089 [debug] [ThreadPool]: Opening a new connection, currently in state init
[0m15:11:59.196826 [debug] [ThreadPool]: SQL status: SELECT 10 in 0.0 seconds
[0m15:11:59.197997 [debug] [ThreadPool]: On list_LAHIDATA: Close
[0m15:11:59.197997 [debug] [ThreadPool]: Acquiring new postgres connection 'list_LAHIDATA_dev_public'
[0m15:11:59.205531 [debug] [ThreadPool]: Using postgres connection "list_LAHIDATA_dev_public"
[0m15:11:59.205531 [debug] [ThreadPool]: On list_LAHIDATA_dev_public: BEGIN
[0m15:11:59.205531 [debug] [ThreadPool]: Opening a new connection, currently in state init
[0m15:11:59.294319 [debug] [ThreadPool]: SQL status: BEGIN in 0.0 seconds
[0m15:11:59.310469 [debug] [ThreadPool]: Using postgres connection "list_LAHIDATA_dev_public"
[0m15:11:59.310469 [debug] [ThreadPool]: On list_LAHIDATA_dev_public: /* {"app": "dbt", "dbt_version": "1.7.0", "profile_name": "pra_win", "target_name": "dev", "connection_name": "list_LAHIDATA_dev_public"} */
select
      'LAHIDATA' as database,
      tablename as name,
      schemaname as schema,
      'table' as type
    from pg_tables
    where schemaname ilike 'dev_public'
    union all
    select
      'LAHIDATA' as database,
      viewname as name,
      schemaname as schema,
      'view' as type
    from pg_views
    where schemaname ilike 'dev_public'
    union all
    select
      'LAHIDATA' as database,
      matviewname as name,
      schemaname as schema,
      'materialized_view' as type
    from pg_matviews
    where schemaname ilike 'dev_public'
  
[0m15:11:59.326043 [debug] [ThreadPool]: SQL status: SELECT 0 in 0.0 seconds
[0m15:11:59.326043 [debug] [ThreadPool]: On list_LAHIDATA_dev_public: ROLLBACK
[0m15:11:59.326043 [debug] [ThreadPool]: On list_LAHIDATA_dev_public: Close
[0m15:11:59.342153 [debug] [MainThread]: Using postgres connection "master"
[0m15:11:59.342153 [debug] [MainThread]: On master: BEGIN
[0m15:11:59.342153 [debug] [MainThread]: Opening a new connection, currently in state init
[0m15:11:59.458798 [debug] [MainThread]: SQL status: BEGIN in 0.0 seconds
[0m15:11:59.458798 [debug] [MainThread]: Using postgres connection "master"
[0m15:11:59.458798 [debug] [MainThread]: On master: /* {"app": "dbt", "dbt_version": "1.7.0", "profile_name": "pra_win", "target_name": "dev", "connection_name": "master"} */
with relation as (
        select
            pg_rewrite.ev_class as class,
            pg_rewrite.oid as id
        from pg_rewrite
    ),
    class as (
        select
            oid as id,
            relname as name,
            relnamespace as schema,
            relkind as kind
        from pg_class
    ),
    dependency as (
        select distinct
            pg_depend.objid as id,
            pg_depend.refobjid as ref
        from pg_depend
    ),
    schema as (
        select
            pg_namespace.oid as id,
            pg_namespace.nspname as name
        from pg_namespace
        where nspname != 'information_schema' and nspname not like 'pg\_%'
    ),
    referenced as (
        select
            relation.id AS id,
            referenced_class.name ,
            referenced_class.schema ,
            referenced_class.kind
        from relation
        join class as referenced_class on relation.class=referenced_class.id
        where referenced_class.kind in ('r', 'v', 'm')
    ),
    relationships as (
        select
            referenced.name as referenced_name,
            referenced.schema as referenced_schema_id,
            dependent_class.name as dependent_name,
            dependent_class.schema as dependent_schema_id,
            referenced.kind as kind
        from referenced
        join dependency on referenced.id=dependency.id
        join class as dependent_class on dependency.ref=dependent_class.id
        where
            (referenced.name != dependent_class.name or
             referenced.schema != dependent_class.schema)
    )

    select
        referenced_schema.name as referenced_schema,
        relationships.referenced_name as referenced_name,
        dependent_schema.name as dependent_schema,
        relationships.dependent_name as dependent_name
    from relationships
    join schema as dependent_schema on relationships.dependent_schema_id=dependent_schema.id
    join schema as referenced_schema on relationships.referenced_schema_id=referenced_schema.id
    group by referenced_schema, referenced_name, dependent_schema, dependent_name
    order by referenced_schema, referenced_name, dependent_schema, dependent_name;
[0m15:11:59.469953 [debug] [MainThread]: SQL status: SELECT 0 in 0.0 seconds
[0m15:11:59.469953 [debug] [MainThread]: Sending event: {'category': 'dbt', 'action': 'runnable_timing', 'label': 'ddd740a5-04e2-418a-b031-b50fdf66a592', 'context': [<snowplow_tracker.self_describing_json.SelfDescribingJson object at 0x00000220A9FC14C0>]}
[0m15:11:59.469953 [debug] [MainThread]: On master: ROLLBACK
[0m15:11:59.485595 [debug] [MainThread]: Using postgres connection "master"
[0m15:11:59.485846 [debug] [MainThread]: On master: BEGIN
[0m15:11:59.501357 [debug] [MainThread]: SQL status: BEGIN in 0.0 seconds
[0m15:11:59.501669 [debug] [MainThread]: On master: COMMIT
[0m15:11:59.501669 [debug] [MainThread]: Using postgres connection "master"
[0m15:11:59.501669 [debug] [MainThread]: On master: COMMIT
[0m15:11:59.511693 [debug] [MainThread]: SQL status: COMMIT in 0.0 seconds
[0m15:11:59.511693 [debug] [MainThread]: On master: Close
[0m15:11:59.511693 [info ] [MainThread]: Concurrency: 4 threads (target='dev')
[0m15:11:59.511693 [info ] [MainThread]: 
[0m15:11:59.517466 [debug] [Thread-1 (]: Began running node model.pra_win.pra_win_model
[0m15:11:59.517466 [info ] [Thread-1 (]: 1 of 1 START sql table model dev_public.pra_win_model .......................... [RUN]
[0m15:11:59.523197 [debug] [Thread-1 (]: Acquiring new postgres connection 'model.pra_win.pra_win_model'
[0m15:11:59.523197 [debug] [Thread-1 (]: Began compiling node model.pra_win.pra_win_model
[0m15:11:59.529451 [debug] [Thread-1 (]: Writing injected SQL for node "model.pra_win.pra_win_model"
[0m15:11:59.530498 [debug] [Thread-1 (]: Timing info for model.pra_win.pra_win_model (compile): 15:11:59.523968 => 15:11:59.530498
[0m15:11:59.531685 [debug] [Thread-1 (]: Began executing node model.pra_win.pra_win_model
[0m15:11:59.556187 [debug] [Thread-1 (]: Writing runtime sql for node "model.pra_win.pra_win_model"
[0m15:11:59.556187 [debug] [Thread-1 (]: Using postgres connection "model.pra_win.pra_win_model"
[0m15:11:59.558694 [debug] [Thread-1 (]: On model.pra_win.pra_win_model: BEGIN
[0m15:11:59.558694 [debug] [Thread-1 (]: Opening a new connection, currently in state init
[0m15:11:59.627521 [debug] [Thread-1 (]: SQL status: BEGIN in 0.0 seconds
[0m15:11:59.643494 [debug] [Thread-1 (]: Using postgres connection "model.pra_win.pra_win_model"
[0m15:11:59.643494 [debug] [Thread-1 (]: On model.pra_win.pra_win_model: /* {"app": "dbt", "dbt_version": "1.7.0", "profile_name": "pra_win", "target_name": "dev", "node_id": "model.pra_win.pra_win_model"} */

  
    

  create  table "LAHIDATA"."dev_public"."pra_win_model__dbt_tmp"
  
  
    as
  
  (
    --DBT AUTOMATION has generated this model, please DO NOT EDIT 
--Please make sure you dont change the model name 



SELECT
  employee_no
  
FROM "LAHIDATA"."public"."employee_database"
  );
  
[0m15:11:59.664469 [debug] [Thread-1 (]: SQL status: SELECT 324 in 0.0 seconds
[0m15:11:59.675171 [debug] [Thread-1 (]: Using postgres connection "model.pra_win.pra_win_model"
[0m15:11:59.675171 [debug] [Thread-1 (]: On model.pra_win.pra_win_model: /* {"app": "dbt", "dbt_version": "1.7.0", "profile_name": "pra_win", "target_name": "dev", "node_id": "model.pra_win.pra_win_model"} */
alter table "LAHIDATA"."dev_public"."pra_win_model__dbt_tmp" rename to "pra_win_model"
[0m15:11:59.735948 [debug] [Thread-1 (]: SQL status: ALTER TABLE in 0.0 seconds
[0m15:11:59.751684 [debug] [Thread-1 (]: Using postgres connection "model.pra_win.pra_win_model"
[0m15:11:59.751684 [debug] [Thread-1 (]: On model.pra_win.pra_win_model: /* {"app": "dbt", "dbt_version": "1.7.0", "profile_name": "pra_win", "target_name": "dev", "node_id": "model.pra_win.pra_win_model"} */

    create  index if not exists
  "2befbf1a1c50cb0424c7b4a1b3a473e8"
  on "LAHIDATA"."dev_public"."pra_win_model" using hash
  (_airbyte_raw_id);
  
[0m15:11:59.762772 [debug] [Thread-1 (]: Postgres adapter: Postgres error: column "_airbyte_raw_id" does not exist

[0m15:11:59.762772 [debug] [Thread-1 (]: On model.pra_win.pra_win_model: ROLLBACK
[0m15:11:59.774645 [debug] [Thread-1 (]: Timing info for model.pra_win.pra_win_model (execute): 15:11:59.532025 => 15:11:59.774645
[0m15:11:59.774645 [debug] [Thread-1 (]: On model.pra_win.pra_win_model: Close
[0m15:11:59.778694 [debug] [Thread-1 (]: Database Error in model pra_win_model (models\example\pra_win_model.sql)
  column "_airbyte_raw_id" does not exist
  compiled Code at target\run\pra_win\models\example\pra_win_model.sql
[0m15:11:59.779666 [debug] [Thread-1 (]: Sending event: {'category': 'dbt', 'action': 'run_model', 'label': 'ddd740a5-04e2-418a-b031-b50fdf66a592', 'context': [<snowplow_tracker.self_describing_json.SelfDescribingJson object at 0x00000220A9DC1670>]}
[0m15:11:59.779666 [error] [Thread-1 (]: 1 of 1 ERROR creating sql table model dev_public.pra_win_model ................. [[31mERROR[0m in 0.26s]
[0m15:11:59.780665 [debug] [Thread-1 (]: Finished running node model.pra_win.pra_win_model
[0m15:11:59.780665 [debug] [MainThread]: Using postgres connection "master"
[0m15:11:59.780665 [debug] [MainThread]: On master: BEGIN
[0m15:11:59.780665 [debug] [MainThread]: Opening a new connection, currently in state closed
[0m15:12:00.137264 [debug] [MainThread]: SQL status: BEGIN in 0.0 seconds
[0m15:12:00.137264 [debug] [MainThread]: On master: COMMIT
[0m15:12:00.137264 [debug] [MainThread]: Using postgres connection "master"
[0m15:12:00.137264 [debug] [MainThread]: On master: COMMIT
[0m15:12:00.137264 [debug] [MainThread]: SQL status: COMMIT in 0.0 seconds
[0m15:12:00.137264 [debug] [MainThread]: On master: Close
[0m15:12:00.152923 [debug] [MainThread]: Connection 'master' was properly closed.
[0m15:12:00.152923 [debug] [MainThread]: Connection 'list_LAHIDATA' was properly closed.
[0m15:12:00.152923 [debug] [MainThread]: Connection 'list_LAHIDATA_dev_public' was properly closed.
[0m15:12:00.152923 [debug] [MainThread]: Connection 'model.pra_win.pra_win_model' was properly closed.
[0m15:12:00.152923 [info ] [MainThread]: 
[0m15:12:00.152923 [info ] [MainThread]: Finished running 1 table model in 0 hours 0 minutes and 1.08 seconds (1.08s).
[0m15:12:00.152923 [debug] [MainThread]: Command end result
[0m15:12:00.163479 [info ] [MainThread]: 
[0m15:12:00.163479 [info ] [MainThread]: [31mCompleted with 1 error and 0 warnings:[0m
[0m15:12:00.164898 [info ] [MainThread]: 
[0m15:12:00.164898 [error] [MainThread]:   Database Error in model pra_win_model (models\example\pra_win_model.sql)
  column "_airbyte_raw_id" does not exist
  compiled Code at target\run\pra_win\models\example\pra_win_model.sql
[0m15:12:00.165638 [info ] [MainThread]: 
[0m15:12:00.166692 [info ] [MainThread]: Done. PASS=0 WARN=0 ERROR=1 SKIP=0 TOTAL=1
[0m15:12:00.167694 [debug] [MainThread]: Command `dbt run` failed at 15:12:00.166692 after 1.41 seconds
[0m15:12:00.167893 [debug] [MainThread]: Sending event: {'category': 'dbt', 'action': 'invocation', 'label': 'end', 'context': [<snowplow_tracker.self_describing_json.SelfDescribingJson object at 0x00000220A9909730>, <snowplow_tracker.self_describing_json.SelfDescribingJson object at 0x00000220A92AB140>, <snowplow_tracker.self_describing_json.SelfDescribingJson object at 0x00000220A6D03B00>]}
[0m15:12:00.168294 [debug] [MainThread]: Flushing usage events
[0m15:12:31.533800 [debug] [MainThread]: Sending event: {'category': 'dbt', 'action': 'invocation', 'label': 'start', 'context': [<snowplow_tracker.self_describing_json.SelfDescribingJson object at 0x0000026AED5DE450>, <snowplow_tracker.self_describing_json.SelfDescribingJson object at 0x0000026AED5DFC80>, <snowplow_tracker.self_describing_json.SelfDescribingJson object at 0x0000026AED5DDEB0>]}


============================== 15:12:31.533800 | cfbd8602-31e5-45cb-8819-2fb3f29db563 ==============================
[0m15:12:31.533800 [info ] [MainThread]: Running with dbt=1.7.0
[0m15:12:31.543816 [debug] [MainThread]: running dbt with arguments {'printer_width': '80', 'indirect_selection': 'eager', 'write_json': 'True', 'log_cache_events': 'False', 'partial_parse': 'True', 'cache_selected_only': 'False', 'profiles_dir': 'C:\\Users\\lahi3\\.dbt', 'fail_fast': 'False', 'debug': 'False', 'log_path': 'C:\\Users\\lahi3\\Exit\\pra_win\\logs', 'version_check': 'True', 'warn_error': 'None', 'use_colors': 'True', 'use_experimental_parser': 'False', 'no_print': 'None', 'quiet': 'False', 'warn_error_options': 'WarnErrorOptions(include=[], exclude=[])', 'invocation_command': 'dbt run --models pra_win_model', 'static_parser': 'True', 'log_format': 'default', 'target_path': 'None', 'introspect': 'True', 'send_anonymous_usage_stats': 'True'}
[0m15:12:31.670253 [debug] [MainThread]: Sending event: {'category': 'dbt', 'action': 'project_id', 'label': 'cfbd8602-31e5-45cb-8819-2fb3f29db563', 'context': [<snowplow_tracker.self_describing_json.SelfDescribingJson object at 0x0000026AED6BC290>]}
[0m15:12:31.733561 [debug] [MainThread]: Sending event: {'category': 'dbt', 'action': 'adapter_info', 'label': 'cfbd8602-31e5-45cb-8819-2fb3f29db563', 'context': [<snowplow_tracker.self_describing_json.SelfDescribingJson object at 0x0000026AEDA5E2D0>]}
[0m15:12:31.733561 [info ] [MainThread]: Registered adapter: postgres=1.7.0
[0m15:12:31.748121 [debug] [MainThread]: checksum: 8434eacd4ffdf0ca3ab22bf0e2d55b45306c9599613e842b959405abc489e606, vars: {}, profile: , target: , version: 1.7.0
[0m15:12:31.797122 [debug] [MainThread]: Partial parsing enabled: 0 files deleted, 0 files added, 0 files changed.
[0m15:12:31.797658 [debug] [MainThread]: Partial parsing enabled, no changes found, skipping parsing
[0m15:12:31.801600 [debug] [MainThread]: Sending event: {'category': 'dbt', 'action': 'load_project', 'label': 'cfbd8602-31e5-45cb-8819-2fb3f29db563', 'context': [<snowplow_tracker.self_describing_json.SelfDescribingJson object at 0x0000026AEDA3B9E0>]}
[0m15:12:31.807462 [debug] [MainThread]: Sending event: {'category': 'dbt', 'action': 'resource_counts', 'label': 'cfbd8602-31e5-45cb-8819-2fb3f29db563', 'context': [<snowplow_tracker.self_describing_json.SelfDescribingJson object at 0x0000026AEDAE7350>]}
[0m15:12:31.808078 [info ] [MainThread]: Found 3 models, 4 tests, 1 source, 0 exposures, 0 metrics, 401 macros, 0 groups, 0 semantic models
[0m15:12:31.808582 [debug] [MainThread]: Sending event: {'category': 'dbt', 'action': 'runnable_timing', 'label': 'cfbd8602-31e5-45cb-8819-2fb3f29db563', 'context': [<snowplow_tracker.self_describing_json.SelfDescribingJson object at 0x0000026AED5DECF0>]}
[0m15:12:31.809623 [info ] [MainThread]: 
[0m15:12:31.810656 [debug] [MainThread]: Acquiring new postgres connection 'master'
[0m15:12:31.811172 [debug] [ThreadPool]: Acquiring new postgres connection 'list_LAHIDATA'
[0m15:12:31.818569 [debug] [ThreadPool]: Using postgres connection "list_LAHIDATA"
[0m15:12:31.819174 [debug] [ThreadPool]: On list_LAHIDATA: /* {"app": "dbt", "dbt_version": "1.7.0", "profile_name": "pra_win", "target_name": "dev", "connection_name": "list_LAHIDATA"} */

    select distinct nspname from pg_namespace
  
[0m15:12:31.819174 [debug] [ThreadPool]: Opening a new connection, currently in state init
[0m15:12:31.995063 [debug] [ThreadPool]: SQL status: SELECT 10 in 0.0 seconds
[0m15:12:31.995063 [debug] [ThreadPool]: On list_LAHIDATA: Close
[0m15:12:32.001076 [debug] [ThreadPool]: Acquiring new postgres connection 'list_LAHIDATA_dev_public'
[0m15:12:32.001076 [debug] [ThreadPool]: Using postgres connection "list_LAHIDATA_dev_public"
[0m15:12:32.001076 [debug] [ThreadPool]: On list_LAHIDATA_dev_public: BEGIN
[0m15:12:32.001076 [debug] [ThreadPool]: Opening a new connection, currently in state init
[0m15:12:32.086138 [debug] [ThreadPool]: SQL status: BEGIN in 0.0 seconds
[0m15:12:32.087121 [debug] [ThreadPool]: Using postgres connection "list_LAHIDATA_dev_public"
[0m15:12:32.087121 [debug] [ThreadPool]: On list_LAHIDATA_dev_public: /* {"app": "dbt", "dbt_version": "1.7.0", "profile_name": "pra_win", "target_name": "dev", "connection_name": "list_LAHIDATA_dev_public"} */
select
      'LAHIDATA' as database,
      tablename as name,
      schemaname as schema,
      'table' as type
    from pg_tables
    where schemaname ilike 'dev_public'
    union all
    select
      'LAHIDATA' as database,
      viewname as name,
      schemaname as schema,
      'view' as type
    from pg_views
    where schemaname ilike 'dev_public'
    union all
    select
      'LAHIDATA' as database,
      matviewname as name,
      schemaname as schema,
      'materialized_view' as type
    from pg_matviews
    where schemaname ilike 'dev_public'
  
[0m15:12:32.090268 [debug] [ThreadPool]: SQL status: SELECT 0 in 0.0 seconds
[0m15:12:32.090268 [debug] [ThreadPool]: On list_LAHIDATA_dev_public: ROLLBACK
[0m15:12:32.105030 [debug] [ThreadPool]: On list_LAHIDATA_dev_public: Close
[0m15:12:32.108099 [debug] [MainThread]: Using postgres connection "master"
[0m15:12:32.108099 [debug] [MainThread]: On master: BEGIN
[0m15:12:32.108099 [debug] [MainThread]: Opening a new connection, currently in state init
[0m15:12:32.205990 [debug] [MainThread]: SQL status: BEGIN in 0.0 seconds
[0m15:12:32.206512 [debug] [MainThread]: Using postgres connection "master"
[0m15:12:32.206512 [debug] [MainThread]: On master: /* {"app": "dbt", "dbt_version": "1.7.0", "profile_name": "pra_win", "target_name": "dev", "connection_name": "master"} */
with relation as (
        select
            pg_rewrite.ev_class as class,
            pg_rewrite.oid as id
        from pg_rewrite
    ),
    class as (
        select
            oid as id,
            relname as name,
            relnamespace as schema,
            relkind as kind
        from pg_class
    ),
    dependency as (
        select distinct
            pg_depend.objid as id,
            pg_depend.refobjid as ref
        from pg_depend
    ),
    schema as (
        select
            pg_namespace.oid as id,
            pg_namespace.nspname as name
        from pg_namespace
        where nspname != 'information_schema' and nspname not like 'pg\_%'
    ),
    referenced as (
        select
            relation.id AS id,
            referenced_class.name ,
            referenced_class.schema ,
            referenced_class.kind
        from relation
        join class as referenced_class on relation.class=referenced_class.id
        where referenced_class.kind in ('r', 'v', 'm')
    ),
    relationships as (
        select
            referenced.name as referenced_name,
            referenced.schema as referenced_schema_id,
            dependent_class.name as dependent_name,
            dependent_class.schema as dependent_schema_id,
            referenced.kind as kind
        from referenced
        join dependency on referenced.id=dependency.id
        join class as dependent_class on dependency.ref=dependent_class.id
        where
            (referenced.name != dependent_class.name or
             referenced.schema != dependent_class.schema)
    )

    select
        referenced_schema.name as referenced_schema,
        relationships.referenced_name as referenced_name,
        dependent_schema.name as dependent_schema,
        relationships.dependent_name as dependent_name
    from relationships
    join schema as dependent_schema on relationships.dependent_schema_id=dependent_schema.id
    join schema as referenced_schema on relationships.referenced_schema_id=referenced_schema.id
    group by referenced_schema, referenced_name, dependent_schema, dependent_name
    order by referenced_schema, referenced_name, dependent_schema, dependent_name;
[0m15:12:32.218709 [debug] [MainThread]: SQL status: SELECT 0 in 0.0 seconds
[0m15:12:32.219789 [debug] [MainThread]: Sending event: {'category': 'dbt', 'action': 'runnable_timing', 'label': 'cfbd8602-31e5-45cb-8819-2fb3f29db563', 'context': [<snowplow_tracker.self_describing_json.SelfDescribingJson object at 0x0000026AECCDE2D0>]}
[0m15:12:32.220313 [debug] [MainThread]: On master: ROLLBACK
[0m15:12:32.227140 [debug] [MainThread]: Using postgres connection "master"
[0m15:12:32.227723 [debug] [MainThread]: On master: BEGIN
[0m15:12:32.241411 [debug] [MainThread]: SQL status: BEGIN in 0.0 seconds
[0m15:12:32.242005 [debug] [MainThread]: On master: COMMIT
[0m15:12:32.242592 [debug] [MainThread]: Using postgres connection "master"
[0m15:12:32.242592 [debug] [MainThread]: On master: COMMIT
[0m15:12:32.249924 [debug] [MainThread]: SQL status: COMMIT in 0.0 seconds
[0m15:12:32.250447 [debug] [MainThread]: On master: Close
[0m15:12:32.251220 [info ] [MainThread]: Concurrency: 4 threads (target='dev')
[0m15:12:32.251845 [info ] [MainThread]: 
[0m15:12:32.254748 [debug] [Thread-1 (]: Began running node model.pra_win.pra_win_model
[0m15:12:32.255287 [info ] [Thread-1 (]: 1 of 1 START sql table model dev_public.pra_win_model .......................... [RUN]
[0m15:12:32.256217 [debug] [Thread-1 (]: Acquiring new postgres connection 'model.pra_win.pra_win_model'
[0m15:12:32.256217 [debug] [Thread-1 (]: Began compiling node model.pra_win.pra_win_model
[0m15:12:32.257247 [debug] [Thread-1 (]: Writing injected SQL for node "model.pra_win.pra_win_model"
[0m15:12:32.262504 [debug] [Thread-1 (]: Timing info for model.pra_win.pra_win_model (compile): 15:12:32.256217 => 15:12:32.262345
[0m15:12:32.263011 [debug] [Thread-1 (]: Began executing node model.pra_win.pra_win_model
[0m15:12:32.294908 [debug] [Thread-1 (]: Writing runtime sql for node "model.pra_win.pra_win_model"
[0m15:12:32.295418 [debug] [Thread-1 (]: Using postgres connection "model.pra_win.pra_win_model"
[0m15:12:32.296426 [debug] [Thread-1 (]: On model.pra_win.pra_win_model: BEGIN
[0m15:12:32.296426 [debug] [Thread-1 (]: Opening a new connection, currently in state init
[0m15:12:32.394350 [debug] [Thread-1 (]: SQL status: BEGIN in 0.0 seconds
[0m15:12:32.394949 [debug] [Thread-1 (]: Using postgres connection "model.pra_win.pra_win_model"
[0m15:12:32.394949 [debug] [Thread-1 (]: On model.pra_win.pra_win_model: /* {"app": "dbt", "dbt_version": "1.7.0", "profile_name": "pra_win", "target_name": "dev", "node_id": "model.pra_win.pra_win_model"} */

  
    

  create  table "LAHIDATA"."dev_public"."pra_win_model__dbt_tmp"
  
  
    as
  
  (
    --DBT AUTOMATION has generated this model, please DO NOT EDIT 
--Please make sure you dont change the model name 



SELECT
  employee_no
  
FROM "LAHIDATA"."public"."employee_database"
  );
  
[0m15:12:32.407314 [debug] [Thread-1 (]: SQL status: SELECT 324 in 0.0 seconds
[0m15:12:32.411778 [debug] [Thread-1 (]: Using postgres connection "model.pra_win.pra_win_model"
[0m15:12:32.412320 [debug] [Thread-1 (]: On model.pra_win.pra_win_model: /* {"app": "dbt", "dbt_version": "1.7.0", "profile_name": "pra_win", "target_name": "dev", "node_id": "model.pra_win.pra_win_model"} */
alter table "LAHIDATA"."dev_public"."pra_win_model__dbt_tmp" rename to "pra_win_model"
[0m15:12:32.420888 [debug] [Thread-1 (]: SQL status: ALTER TABLE in 0.0 seconds
[0m15:12:32.433821 [debug] [Thread-1 (]: On model.pra_win.pra_win_model: COMMIT
[0m15:12:32.433821 [debug] [Thread-1 (]: Using postgres connection "model.pra_win.pra_win_model"
[0m15:12:32.434807 [debug] [Thread-1 (]: On model.pra_win.pra_win_model: COMMIT
[0m15:12:32.438253 [debug] [Thread-1 (]: SQL status: COMMIT in 0.0 seconds
[0m15:12:32.446325 [debug] [Thread-1 (]: Applying DROP to: "LAHIDATA"."dev_public"."pra_win_model__dbt_backup"
[0m15:12:32.446325 [debug] [Thread-1 (]: Using postgres connection "model.pra_win.pra_win_model"
[0m15:12:32.446325 [debug] [Thread-1 (]: On model.pra_win.pra_win_model: /* {"app": "dbt", "dbt_version": "1.7.0", "profile_name": "pra_win", "target_name": "dev", "node_id": "model.pra_win.pra_win_model"} */
drop table if exists "LAHIDATA"."dev_public"."pra_win_model__dbt_backup" cascade
[0m15:12:32.454638 [debug] [Thread-1 (]: SQL status: DROP TABLE in 0.0 seconds
[0m15:12:32.454638 [debug] [Thread-1 (]: Timing info for model.pra_win.pra_win_model (execute): 15:12:32.263810 => 15:12:32.454638
[0m15:12:32.454638 [debug] [Thread-1 (]: On model.pra_win.pra_win_model: Close
[0m15:12:32.454638 [debug] [Thread-1 (]: Sending event: {'category': 'dbt', 'action': 'run_model', 'label': 'cfbd8602-31e5-45cb-8819-2fb3f29db563', 'context': [<snowplow_tracker.self_describing_json.SelfDescribingJson object at 0x0000026AEDB71700>]}
[0m15:12:32.454638 [info ] [Thread-1 (]: 1 of 1 OK created sql table model dev_public.pra_win_model ..................... [[32mSELECT 324[0m in 0.20s]
[0m15:12:32.464232 [debug] [Thread-1 (]: Finished running node model.pra_win.pra_win_model
[0m15:12:32.464232 [debug] [MainThread]: Using postgres connection "master"
[0m15:12:32.464232 [debug] [MainThread]: On master: BEGIN
[0m15:12:32.464232 [debug] [MainThread]: Opening a new connection, currently in state closed
[0m15:12:32.544934 [debug] [MainThread]: SQL status: BEGIN in 0.0 seconds
[0m15:12:32.544934 [debug] [MainThread]: On master: COMMIT
[0m15:12:32.544934 [debug] [MainThread]: Using postgres connection "master"
[0m15:12:32.544934 [debug] [MainThread]: On master: COMMIT
[0m15:12:32.554706 [debug] [MainThread]: SQL status: COMMIT in 0.0 seconds
[0m15:12:32.554706 [debug] [MainThread]: On master: Close
[0m15:12:32.554706 [debug] [MainThread]: Connection 'master' was properly closed.
[0m15:12:32.554706 [debug] [MainThread]: Connection 'list_LAHIDATA' was properly closed.
[0m15:12:32.554706 [debug] [MainThread]: Connection 'list_LAHIDATA_dev_public' was properly closed.
[0m15:12:32.554706 [debug] [MainThread]: Connection 'model.pra_win.pra_win_model' was properly closed.
[0m15:12:32.554706 [info ] [MainThread]: 
[0m15:12:32.554706 [info ] [MainThread]: Finished running 1 table model in 0 hours 0 minutes and 0.74 seconds (0.74s).
[0m15:12:32.554706 [debug] [MainThread]: Command end result
[0m15:12:32.554706 [info ] [MainThread]: 
[0m15:12:32.554706 [info ] [MainThread]: [32mCompleted successfully[0m
[0m15:12:32.554706 [info ] [MainThread]: 
[0m15:12:32.567913 [info ] [MainThread]: Done. PASS=1 WARN=0 ERROR=0 SKIP=0 TOTAL=1
[0m15:12:32.568749 [debug] [MainThread]: Command `dbt run` succeeded at 15:12:32.568749 after 1.10 seconds
[0m15:12:32.568749 [debug] [MainThread]: Sending event: {'category': 'dbt', 'action': 'invocation', 'label': 'end', 'context': [<snowplow_tracker.self_describing_json.SelfDescribingJson object at 0x0000026AED4ABA10>, <snowplow_tracker.self_describing_json.SelfDescribingJson object at 0x0000026AED4D8BF0>, <snowplow_tracker.self_describing_json.SelfDescribingJson object at 0x0000026AED4DB5C0>]}
[0m15:12:32.570023 [debug] [MainThread]: Flushing usage events
